Determining if the pthread_create exist failed with the following output:
Change Dir: /home/charles/Desktop/comp362/CharlesPeltonLab06/philoBase/build/CMakeFiles/CMakeTmp

Run Build Command:"/usr/bin/make" "cmTC_130d0/fast"
/usr/bin/make -f CMakeFiles/cmTC_130d0.dir/build.make CMakeFiles/cmTC_130d0.dir/build
make[1]: Entering directory '/home/charles/Desktop/comp362/CharlesPeltonLab06/philoBase/build/CMakeFiles/CMakeTmp'
Building C object CMakeFiles/cmTC_130d0.dir/CheckSymbolExists.c.o
/usr/bin/cc   -m64 -g -O0 -D_DEBUG -Wall    -std=gnu11 -o CMakeFiles/cmTC_130d0.dir/CheckSymbolExists.c.o   -c /home/charles/Desktop/comp362/CharlesPeltonLab06/philoBase/build/CMakeFiles/CMakeTmp/CheckSymbolExists.c
Linking C executable cmTC_130d0
/usr/bin/cmake -E cmake_link_script CMakeFiles/cmTC_130d0.dir/link.txt --verbose=1
/usr/bin/cc -m64 -g -O0 -D_DEBUG -Wall     CMakeFiles/cmTC_130d0.dir/CheckSymbolExists.c.o  -o cmTC_130d0 
CMakeFiles/cmTC_130d0.dir/CheckSymbolExists.c.o: In function `main':
/home/charles/Desktop/comp362/CharlesPeltonLab06/philoBase/build/CMakeFiles/CMakeTmp/CheckSymbolExists.c:8: undefined reference to `pthread_create'
collect2: error: ld returned 1 exit status
CMakeFiles/cmTC_130d0.dir/build.make:97: recipe for target 'cmTC_130d0' failed
make[1]: *** [cmTC_130d0] Error 1
make[1]: Leaving directory '/home/charles/Desktop/comp362/CharlesPeltonLab06/philoBase/build/CMakeFiles/CMakeTmp'
Makefile:126: recipe for target 'cmTC_130d0/fast' failed
make: *** [cmTC_130d0/fast] Error 2

File /home/charles/Desktop/comp362/CharlesPeltonLab06/philoBase/build/CMakeFiles/CMakeTmp/CheckSymbolExists.c:
/* */
#include <pthread.h>

int main(int argc, char** argv)
{
  (void)argv;
#ifndef pthread_create
  return ((int*)(&pthread_create))[argc];
#else
  (void)argc;
  return 0;
#endif
}

Determining if the function pthread_create exists in the pthreads failed with the following output:
Change Dir: /home/charles/Desktop/comp362/CharlesPeltonLab06/philoBase/build/CMakeFiles/CMakeTmp

Run Build Command:"/usr/bin/make" "cmTC_e5113/fast"
/usr/bin/make -f CMakeFiles/cmTC_e5113.dir/build.make CMakeFiles/cmTC_e5113.dir/build
make[1]: Entering directory '/home/charles/Desktop/comp362/CharlesPeltonLab06/philoBase/build/CMakeFiles/CMakeTmp'
Building C object CMakeFiles/cmTC_e5113.dir/CheckFunctionExists.c.o
/usr/bin/cc   -m64 -g -O0 -D_DEBUG -Wall -DCHECK_FUNCTION_EXISTS=pthread_create   -std=gnu11 -o CMakeFiles/cmTC_e5113.dir/CheckFunctionExists.c.o   -c /usr/share/cmake-3.10/Modules/CheckFunctionExists.c
Linking C executable cmTC_e5113
/usr/bin/cmake -E cmake_link_script CMakeFiles/cmTC_e5113.dir/link.txt --verbose=1
/usr/bin/cc -m64 -g -O0 -D_DEBUG -Wall -DCHECK_FUNCTION_EXISTS=pthread_create    CMakeFiles/cmTC_e5113.dir/CheckFunctionExists.c.o  -o cmTC_e5113 -lpthreads 
/usr/bin/ld: cannot find -lpthreads
collect2: error: ld returned 1 exit status
CMakeFiles/cmTC_e5113.dir/build.make:97: recipe for target 'cmTC_e5113' failed
make[1]: *** [cmTC_e5113] Error 1
make[1]: Leaving directory '/home/charles/Desktop/comp362/CharlesPeltonLab06/philoBase/build/CMakeFiles/CMakeTmp'
Makefile:126: recipe for target 'cmTC_e5113/fast' failed
make: *** [cmTC_e5113/fast] Error 2


